Build started 12/18/2015 12:21:15 AM.
     1>Project "C:\Users\Andrew\Documents\GitHub\EdsobjectloaderEd\visualc14\glutapp3d.vcxproj" on node 2 (Build target(s)).
     1>ClCompile:
         C:\Program Files (x86)\Microsoft Visual Studio 14.0\VC\bin\CL.exe /c /I../ /I../freeglut /I../glew /ZI /nologo /W3 /WX- /Od /Oy- /D WIN32 /D _DEBUG /D _CONSOLE /D _VC80_UPGRADE=0x0710 /D _MBCS /Gm- /EHsc /RTC1 /MTd /GS /fp:precise /Zc:wchar_t /Zc:forScope /Zc:inline /Fo"obj\objloader_Debug\\" /Fd"obj\objloader_Debug\vc140.pdb" /Gd /TP /analyze- /errorReport:prompt ..\groundworkoutside.cpp ..\startingline.cpp
         groundworkoutside.cpp
     1>c:\users\andrew\documents\github\edsobjectloadered\groundworkoutside.h(23): warning C4305: 'initializing': truncation from 'double' to 'const float'
     1>c:\users\andrew\documents\github\edsobjectloadered\groundworkoutside.cpp(87): warning C4244: 'initializing': conversion from 'int' to 'float', possible loss of data
     1>c:\users\andrew\documents\github\edsobjectloadered\groundworkoutside.cpp(92): warning C4244: 'initializing': conversion from 'int' to 'float', possible loss of data
         startingline.cpp
     1>c:\users\andrew\documents\github\edsobjectloadered\startingline.h(21): warning C4305: 'initializing': truncation from 'double' to 'const float'
     1>c:\users\andrew\documents\github\edsobjectloadered\startingline.cpp(96): warning C4244: 'initializing': conversion from 'int' to 'float', possible loss of data
     1>c:\users\andrew\documents\github\edsobjectloadered\startingline.cpp(99): warning C4244: 'initializing': conversion from 'int' to 'float', possible loss of data
         Generating Code...
       Link:
         C:\Program Files (x86)\Microsoft Visual Studio 14.0\VC\bin\link.exe /ERRORREPORT:PROMPT /OUT:"obj\objloader_Debug\objloader.exe" /NOLOGO ../freeglut/freeglut.lib ../glew/glew32.lib kernel32.lib user32.lib gdi32.lib winspool.lib comdlg32.lib advapi32.lib shell32.lib ole32.lib oleaut32.lib uuid.lib odbc32.lib odbccp32.lib /MANIFEST /MANIFESTUAC:"level='asInvoker' uiAccess='false'" /manifest:embed /Debug /PDB:"obj\objloader_Debug\objloader.pdb" /SUBSYSTEM:CONSOLE /TLBID:1 /DYNAMICBASE:NO /IMPLIB:"obj\objloader_Debug\objloader.lib" /MACHINE:X86 /SAFESEH obj\objloader_Debug\app_main.obj
         obj\objloader_Debug\groundwork.obj
         obj\objloader_Debug\groundworkoutside.obj
         obj\objloader_Debug\gs_image.obj
         obj\objloader_Debug\gs_tree.obj
         obj\objloader_Debug\gs_input.obj
         obj\objloader_Debug\gs_material.obj
         obj\objloader_Debug\gs_model.obj
         obj\objloader_Debug\gs_model_obj.obj
         obj\objloader_Debug\gs_string.obj
         obj\objloader_Debug\gs_strings.obj
         obj\objloader_Debug\innertexture.obj
         obj\objloader_Debug\racingtrack.obj
         obj\objloader_Debug\so_axis.obj
         obj\objloader_Debug\app_window.obj
         obj\objloader_Debug\glut_window.obj
         obj\objloader_Debug\gs.obj
         obj\objloader_Debug\gs_array.obj
         obj\objloader_Debug\gs_color.obj
         obj\objloader_Debug\gs_mat.obj
         obj\objloader_Debug\gs_quat.obj
         obj\objloader_Debug\gs_vec.obj
         obj\objloader_Debug\gs_vec2.obj
         obj\objloader_Debug\ogl_tools.obj
         obj\objloader_Debug\so_model.obj
         obj\objloader_Debug\so_myobject.obj
         obj\objloader_Debug\startingline.obj
     1>app_main.obj : warning LNK4075: ignoring '/EDITANDCONTINUE' due to '/SAFESEH' specification
         glutapp3d.vcxproj -> C:\Users\Andrew\Documents\GitHub\EdsobjectloaderEd\visualc14\obj\objloader_Debug\objloader.exe
     1>Done Building Project "C:\Users\Andrew\Documents\GitHub\EdsobjectloaderEd\visualc14\glutapp3d.vcxproj" (Build target(s)).

Build succeeded.

Time Elapsed 00:00:17.54
